{"$message_type":"diagnostic","message":"unused import: `core::fmt::Write`","code":{"code":"unused_imports","explanation":null},"level":"warning","spans":[{"file_name":"src/main.rs","byte_start":28,"byte_end":44,"line_start":4,"line_end":4,"column_start":5,"column_end":21,"is_primary":true,"text":[{"text":"use core::fmt::Write;","highlight_start":5,"highlight_end":21}],"label":null,"suggested_replacement":null,"suggestion_applicability":null,"expansion":null}],"children":[{"message":"`#[warn(unused_imports)]` (part of `#[warn(unused)]`) on by default","code":null,"level":"note","spans":[],"children":[],"rendered":null},{"message":"remove the whole `use` item","code":null,"level":"help","spans":[{"file_name":"src/main.rs","byte_start":24,"byte_end":46,"line_start":4,"line_end":5,"column_start":1,"column_end":1,"is_primary":true,"text":[{"text":"use core::fmt::Write;","highlight_start":1,"highlight_end":22},{"text":"","highlight_start":1,"highlight_end":1}],"label":null,"suggested_replacement":"","suggestion_applicability":"MachineApplicable","expansion":null}],"children":[],"rendered":null}],"rendered":"\u001b[1m\u001b[33mwarning\u001b[0m\u001b[1m: unused import: `core::fmt::Write`\u001b[0m\n \u001b[1m\u001b[94m--> \u001b[0msrc/main.rs:4:5\n  \u001b[1m\u001b[94m|\u001b[0m\n\u001b[1m\u001b[94m4\u001b[0m \u001b[1m\u001b[94m|\u001b[0m use core::fmt::Write;\n  \u001b[1m\u001b[94m|\u001b[0m     \u001b[1m\u001b[33m^^^^^^^^^^^^^^^^\u001b[0m\n  \u001b[1m\u001b[94m|\u001b[0m\n  \u001b[1m\u001b[94m= \u001b[0m\u001b[1mnote\u001b[0m: `#[warn(unused_imports)]` (part of `#[warn(unused)]`) on by default\n\n"}
{"$message_type":"diagnostic","message":"linking with `clang` failed: exit status: 1","code":null,"level":"error","spans":[],"children":[{"message":" \"clang\" \"-m64\" \"/tmp/rustcQAeuRX/symbols.o\" \"<2 object files omitted>\" \"-Wl,--as-needed\" \"-Wl,-Bstatic\" \"/home/netsbit/projects/osdev/kernel/target/debug/deps/{libkernel-86fa28a4ee9cb6bf,libtalc-aa16cfc1beb70cfc,libpc_keyboard-6980622bc567e84f,libfutures_util-06474d8462b33cd3,libpin_project_lite-96ed4b3c16af5737,libfutures_task-e97f9f3dfb48f531,libpin_utils-c7d007722066a37b,libfutures_core-8ed62617feef51f1,libcrossbeam_queue-73ff8e0fded6917e,libcrossbeam_utils-8b6ad62ea16a4588,libnoto_sans_mono_bitmap-c90650a5ebf5fc20,liblimine-07c5e19613f6e7de,libx2apic-d1d3599237a06485,libraw_cpuid-61cfdd87f15e6356,libbit-a4f3e63b5147f7c2,libbitflags-56188e772f4ce808,libacpi-c26017f3d0098199,libspinning_top-763fbf1adb6035f2,libpci_types-3c454dcc006bcb7b,libbyteorder-1d6ff04f93f8daa4,liblog-f3c321a1b4d424b0,libx86_64-55462ed29b9494e1,libvolatile-0f38b867af71cb53,libbitflags-f90e5adc39ca6a21,libbit_field-8fb6fb2aaf1698be,libspin-50d5181404eee4f1,liblock_api-253c35eb59a4a21a,libscopeguard-9f1d07ce0de9df84}.rlib\" \"<sysroot>/lib/rustlib/x86_64-unknown-linux-gnu/lib/{liballoc-*,libcore-*,libcompiler_builtins-*}.rlib\" \"-L\" \"/tmp/rustcQAeuRX/raw-dylibs\" \"-Wl,-Bdynamic\" \"-Wl,--eh-frame-hdr\" \"-Wl,-z,noexecstack\" \"-L\" \"<sysroot>/lib/rustlib/x86_64-unknown-linux-gnu/lib\" \"-o\" \"/home/netsbit/projects/osdev/kernel/target/debug/deps/kernel-acd2a7bbd71d46ef\" \"-Wl,--gc-sections\" \"-pie\" \"-Wl,-z,relro,-z,now\" \"-nodefaultlibs\" \"-fuse-ld=lld\" \"-Tlinker-x86_64.ld\"","code":null,"level":"note","spans":[],"children":[],"rendered":null},{"message":"some arguments are omitted. use `--verbose` to show all linker arguments","code":null,"level":"note","spans":[],"children":[],"rendered":null},{"message":"ld.lld: error: undefined symbol: rust_eh_personality\n>>> referenced by alloc.ff2393f3e56245e7-cgu.0\n>>>               alloc-e039ed21f34aa3eb.alloc.ff2393f3e56245e7-cgu.0.rcgu.o:(DW.ref.rust_eh_personality) in archive /home/netsbit/.rustup/toolchains/nightly-x86_64-unknown-linux-gnu/lib/rustlib/x86_64-unknown-linux-gnu/lib/liballoc-e039ed21f34aa3eb.rlib\nclang: error: linker command failed with exit code 1 (use -v to see invocation)\n","code":null,"level":"note","spans":[],"children":[],"rendered":null}],"rendered":"\u001b[1m\u001b[91merror\u001b[0m\u001b[1m: linking with `clang` failed: exit status: 1\u001b[0m\n  \u001b[1m\u001b[94m|\u001b[0m\n  \u001b[1m\u001b[94m= \u001b[0m\u001b[1mnote\u001b[0m:  \"clang\" \"-m64\" \"/tmp/rustcQAeuRX/symbols.o\" \"<2 object files omitted>\" \"-Wl,--as-needed\" \"-Wl,-Bstatic\" \"/home/netsbit/projects/osdev/kernel/target/debug/deps/{libkernel-86fa28a4ee9cb6bf,libtalc-aa16cfc1beb70cfc,libpc_keyboard-6980622bc567e84f,libfutures_util-06474d8462b33cd3,libpin_project_lite-96ed4b3c16af5737,libfutures_task-e97f9f3dfb48f531,libpin_utils-c7d007722066a37b,libfutures_core-8ed62617feef51f1,libcrossbeam_queue-73ff8e0fded6917e,libcrossbeam_utils-8b6ad62ea16a4588,libnoto_sans_mono_bitmap-c90650a5ebf5fc20,liblimine-07c5e19613f6e7de,libx2apic-d1d3599237a06485,libraw_cpuid-61cfdd87f15e6356,libbit-a4f3e63b5147f7c2,libbitflags-56188e772f4ce808,libacpi-c26017f3d0098199,libspinning_top-763fbf1adb6035f2,libpci_types-3c454dcc006bcb7b,libbyteorder-1d6ff04f93f8daa4,liblog-f3c321a1b4d424b0,libx86_64-55462ed29b9494e1,libvolatile-0f38b867af71cb53,libbitflags-f90e5adc39ca6a21,libbit_field-8fb6fb2aaf1698be,libspin-50d5181404eee4f1,liblock_api-253c35eb59a4a21a,libscopeguard-9f1d07ce0de9df84}.rlib\" \"<sysroot>/lib/rustlib/x86_64-unknown-linux-gnu/lib/{liballoc-*,libcore-*,libcompiler_builtins-*}.rlib\" \"-L\" \"/tmp/rustcQAeuRX/raw-dylibs\" \"-Wl,-Bdynamic\" \"-Wl,--eh-frame-hdr\" \"-Wl,-z,noexecstack\" \"-L\" \"<sysroot>/lib/rustlib/x86_64-unknown-linux-gnu/lib\" \"-o\" \"/home/netsbit/projects/osdev/kernel/target/debug/deps/kernel-acd2a7bbd71d46ef\" \"-Wl,--gc-sections\" \"-pie\" \"-Wl,-z,relro,-z,now\" \"-nodefaultlibs\" \"-fuse-ld=lld\" \"-Tlinker-x86_64.ld\"\n  \u001b[1m\u001b[94m= \u001b[0m\u001b[1mnote\u001b[0m: some arguments are omitted. use `--verbose` to show all linker arguments\n  \u001b[1m\u001b[94m= \u001b[0m\u001b[1mnote\u001b[0m: ld.lld: error: undefined symbol: rust_eh_personality\n          >>> referenced by alloc.ff2393f3e56245e7-cgu.0\n          >>>               alloc-e039ed21f34aa3eb.alloc.ff2393f3e56245e7-cgu.0.rcgu.o:(DW.ref.rust_eh_personality) in archive /home/netsbit/.rustup/toolchains/nightly-x86_64-unknown-linux-gnu/lib/rustlib/x86_64-unknown-linux-gnu/lib/liballoc-e039ed21f34aa3eb.rlib\n          clang: error: linker command failed with exit code 1 (use -v to see invocation)\n          \n\n"}
{"$message_type":"diagnostic","message":"aborting due to 1 previous error; 1 warning emitted","code":null,"level":"error","spans":[],"children":[],"rendered":"\u001b[1m\u001b[91merror\u001b[0m\u001b[1m: aborting due to 1 previous error; 1 warning emitted\u001b[0m\n\n"}
